# JRE version: OpenJDK Runtime Environment (8.0_152-b01) (build 1.8.0_152-release-915-b01)
# Java VM: OpenJDK 64-Bit Server VM (25.152-b01 mixed mode windows-amd64 compressed oops)
Heap:
 PSYoungGen      total 305152K, used 304784K [0x00000000e0000000, 0x0000000100000000, 0x0000000100000000)
  eden space 212992K, 100% used [0x00000000e0000000,0x00000000ed000000,0x00000000ed000000)
  from space 92160K, 99% used [0x00000000ed000000,0x00000000f29a41b8,0x00000000f2a00000)
  to   space 159232K, 58% used [0x00000000f6480000,0x00000000fbf988a0,0x0000000100000000)
 ParOldGen       total 1010688K, used 314888K [0x00000000a0000000, 0x00000000ddb00000, 0x00000000e0000000)
  object space 1010688K, 31% used [0x00000000a0000000,0x00000000b3382250,0x00000000ddb00000)
 Metaspace       used 161760K, capacity 173676K, committed 174848K, reserved 1202176K
  class space    used 19043K, capacity 21607K, committed 21760K, reserved 1048576K
GC Heap History (10 events):
Event: 8836.978 GC heap after
Heap after GC invocations=143 (full 10):
 PSYoungGen      total 368128K, used 6505K [0x00000000e0000000, 0x00000000ffe00000, 0x0000000100000000)
  eden space 215040K, 0% used [0x00000000e0000000,0x00000000e0000000,0x00000000ed200000)
  from space 153088K, 4% used [0x00000000ed200000,0x00000000ed85a608,0x00000000f6780000)
  to   space 152064K, 0% used [0x00000000f6980000,0x00000000f6980000,0x00000000ffe00000)
 ParOldGen       total 1010688K, used 314888K [0x00000000a0000000, 0x00000000ddb00000, 0x00000000e0000000)
  object space 1010688K, 31% used [0x00000000a0000000,0x00000000b3382250,0x00000000ddb00000)
 Metaspace       used 158786K, capacity 169890K, committed 172288K, reserved 1200128K
  class space    used 18682K, capacity 21067K, committed 21504K, reserved 1048576K
}
Event: 8853.421 GC heap before
{Heap before GC invocations=144 (full 10):
 PSYoungGen      total 368128K, used 221545K [0x00000000e0000000, 0x00000000ffe00000, 0x0000000100000000)
  eden space 215040K, 100% used [0x00000000e0000000,0x00000000ed200000,0x00000000ed200000)
  from space 153088K, 4% used [0x00000000ed200000,0x00000000ed85a608,0x00000000f6780000)
  to   space 152064K, 0% used [0x00000000f6980000,0x00000000f6980000,0x00000000ffe00000)
 ParOldGen       total 1010688K, used 314888K [0x00000000a0000000, 0x00000000ddb00000, 0x00000000e0000000)
  object space 1010688K, 31% used [0x00000000a0000000,0x00000000b3382250,0x00000000ddb00000)
 Metaspace       used 159800K, capacity 171244K, committed 172928K, reserved 1200128K
  class space    used 18850K, capacity 21309K, committed 21632K, reserved 1048576K
Event: 8853.435 GC heap after
Heap after GC invocations=144 (full 10):
 PSYoungGen      total 366080K, used 8733K [0x00000000e0000000, 0x00000000ff900000, 0x0000000100000000)
  eden space 219136K, 0% used [0x00000000e0000000,0x00000000e0000000,0x00000000ed600000)
  from space 146944K, 5% used [0x00000000f6980000,0x00000000f7207560,0x00000000ff900000)
  to   space 148992K, 0% used [0x00000000ed600000,0x00000000ed600000,0x00000000f6780000)
 ParOldGen       total 1010688K, used 314888K [0x00000000a0000000, 0x00000000ddb00000, 0x00000000e0000000)
  object space 1010688K, 31% used [0x00000000a0000000,0x00000000b3382250,0x00000000ddb00000)
 Metaspace       used 159800K, capacity 171244K, committed 172928K, reserved 1200128K
  class space    used 18850K, capacity 21309K, committed 21632K, reserved 1048576K
}
Event: 8858.557 GC heap before
{Heap before GC invocations=145 (full 10):
 PSYoungGen      total 366080K, used 227869K [0x00000000e0000000, 0x00000000ff900000, 0x0000000100000000)
  eden space 219136K, 100% used [0x00000000e0000000,0x00000000ed600000,0x00000000ed600000)
  from space 146944K, 5% used [0x00000000f6980000,0x00000000f7207560,0x00000000ff900000)
  to   space 148992K, 0% used [0x00000000ed600000,0x00000000ed600000,0x00000000f6780000)
 ParOldGen       total 1010688K, used 314888K [0x00000000a0000000, 0x00000000ddb00000, 0x00000000e0000000)
  object space 1010688K, 31% used [0x00000000a0000000,0x00000000b3382250,0x00000000ddb00000)
 Metaspace       used 161309K, capacity 172996K, committed 174336K, reserved 1202176K
  class space    used 18966K, capacity 21461K, committed 21760K, reserved 1048576K
Event: 8858.640 GC heap after
Heap after GC invocations=145 (full 10):
 PSYoungGen      total 368128K, used 63273K [0x00000000e0000000, 0x00000000ffa00000, 0x0000000100000000)
  eden space 219136K, 0% used [0x00000000e0000000,0x00000000e0000000,0x00000000ed600000)
  from space 148992K, 42% used [0x00000000ed600000,0x00000000f13ca540,0x00000000f6780000)
  to   space 144896K, 0% used [0x00000000f6c80000,0x00000000f6c80000,0x00000000ffa00000)
 ParOldGen       total 1010688K, used 314888K [0x00000000a0000000, 0x00000000ddb00000, 0x00000000e0000000)
  object space 1010688K, 31% used [0x00000000a0000000,0x00000000b3382250,0x00000000ddb00000)
 Metaspace       used 161309K, capacity 172996K, committed 174336K, reserved 1202176K
  class space    used 18966K, capacity 21461K, committed 21760K, reserved 1048576K
}
Event: 8864.185 GC heap before
{Heap before GC invocations=146 (full 10):
 PSYoungGen      total 368128K, used 282409K [0x00000000e0000000, 0x00000000ffa00000, 0x0000000100000000)
  eden space 219136K, 100% used [0x00000000e0000000,0x00000000ed600000,0x00000000ed600000)
  from space 148992K, 42% used [0x00000000ed600000,0x00000000f13ca540,0x00000000f6780000)
  to   space 144896K, 0% used [0x00000000f6c80000,0x00000000f6c80000,0x00000000ffa00000)
 ParOldGen       total 1010688K, used 314888K [0x00000000a0000000, 0x00000000ddb00000, 0x00000000e0000000)
  object space 1010688K, 31% used [0x00000000a0000000,0x00000000b3382250,0x00000000ddb00000)
 Metaspace       used 161328K, capacity 173024K, committed 174336K, reserved 1202176K
  class space    used 18969K, capacity 21465K, committed 21760K, reserved 1048576K
Event: 8864.294 GC heap after
Heap after GC invocations=146 (full 10):
 PSYoungGen      total 357888K, used 102887K [0x00000000e0000000, 0x0000000100000000, 0x0000000100000000)
  eden space 212992K, 0% used [0x00000000e0000000,0x00000000e0000000,0x00000000ed000000)
  from space 144896K, 71% used [0x00000000f6c80000,0x00000000fd0f9e00,0x00000000ffa00000)
  to   space 155648K, 0% used [0x00000000ed000000,0x00000000ed000000,0x00000000f6800000)
 ParOldGen       total 1010688K, used 314888K [0x00000000a0000000, 0x00000000ddb00000, 0x00000000e0000000)
  object space 1010688K, 31% used [0x00000000a0000000,0x00000000b3382250,0x00000000ddb00000)
 Metaspace       used 161328K, capacity 173024K, committed 174336K, reserved 1202176K
  class space    used 18969K, capacity 21465K, committed 21760K, reserved 1048576K
}
Event: 8943.198 GC heap before
{Heap before GC invocations=147 (full 10):
 PSYoungGen      total 357888K, used 315879K [0x00000000e0000000, 0x0000000100000000, 0x0000000100000000)
  eden space 212992K, 100% used [0x00000000e0000000,0x00000000ed000000,0x00000000ed000000)
  from space 144896K, 71% used [0x00000000f6c80000,0x00000000fd0f9e00,0x00000000ffa00000)
  to   space 155648K, 0% used [0x00000000ed000000,0x00000000ed000000,0x00000000f6800000)
 ParOldGen       total 1010688K, used 314888K [0x00000000a0000000, 0x00000000ddb00000, 0x00000000e0000000)
  object space 1010688K, 31% used [0x00000000a0000000,0x00000000b3382250,0x00000000ddb00000)
 Metaspace       used 161443K, capacity 173224K, committed 174592K, reserved 1202176K
  class space    used 18987K, capacity 21517K, committed 21760K, reserved 1048576K
Event: 8943.265 GC heap after
Heap after GC invocations=147 (full 10):
 PSYoungGen      total 305152K, used 91792K [0x00000000e0000000, 0x0000000100000000, 0x0000000100000000)
  eden space 212992K, 0% used [0x00000000e0000000,0x00000000e0000000,0x00000000ed000000)
  from space 92160K, 99% used [0x00000000ed000000,0x00000000f29a41b8,0x00000000f2a00000)
  to   space 159232K, 0% used [0x00000000f6480000,0x00000000f6480000,0x0000000100000000)
 ParOldGen       total 1010688K, used 314888K [0x00000000a0000000, 0x00000000ddb00000, 0x00000000e0000000)
  object space 1010688K, 31% used [0x00000000a0000000,0x00000000b3382250,0x00000000ddb00000)
 Metaspace       used 161443K, capacity 173224K, committed 174592K, reserved 1202176K
  class space    used 18987K, capacity 21517K, committed 21760K, reserved 1048576K
}
Event: 8951.115 GC heap before
{Heap before GC invocations=148 (full 10):
 PSYoungGen      total 305152K, used 304784K [0x00000000e0000000, 0x0000000100000000, 0x0000000100000000)
  eden space 212992K, 100% used [0x00000000e0000000,0x00000000ed000000,0x00000000ed000000)
  from space 92160K, 99% used [0x00000000ed000000,0x00000000f29a41b8,0x00000000f2a00000)
  to   space 159232K, 0% used [0x00000000f6480000,0x00000000f6480000,0x0000000100000000)
 ParOldGen       total 1010688K, used 314888K [0x00000000a0000000, 0x00000000ddb00000, 0x00000000e0000000)
  object space 1010688K, 31% used [0x00000000a0000000,0x00000000b3382250,0x00000000ddb00000)
 Metaspace       used 161760K, capacity 173676K, committed 174848K, reserved 1202176K
  class space    used 19043K, capacity 21607K, committed 21760K, reserved 1048576K

