# JRE version: OpenJDK Runtime Environment (8.0_152-b01) (build 1.8.0_152-release-915-b01)
# Java VM: OpenJDK 64-Bit Server VM (25.152-b01 mixed mode windows-amd64 compressed oops)
Heap:
 PSYoungGen      total 349696K, used 230584K [0x00000000e0000000, 0x0000000100000000, 0x0000000100000000)
  eden space 175104K, 87% used [0x00000000e0000000,0x00000000e95561a8,0x00000000eab00000)
  from space 174592K, 44% used [0x00000000eab00000,0x00000000ef6d81f8,0x00000000f5580000)
  to   space 174592K, 0% used [0x00000000f5580000,0x00000000f5580000,0x0000000100000000)
 ParOldGen       total 523776K, used 171047K [0x00000000a0000000, 0x00000000bff80000, 0x00000000e0000000)
  object space 523776K, 32% used [0x00000000a0000000,0x00000000aa709e58,0x00000000bff80000)
 Metaspace       used 90267K, capacity 95294K, committed 98008K, reserved 1134592K
  class space    used 11135K, capacity 12263K, committed 12544K, reserved 1048576K
GC Heap History (10 events):
Event: 1186.048 GC heap before
{Heap before GC invocations=25 (full 3):
 PSYoungGen      total 347136K, used 346969K [0x00000000e0000000, 0x0000000100000000, 0x0000000100000000)
  eden space 190464K, 100% used [0x00000000e0000000,0x00000000eba00000,0x00000000eba00000)
  from space 156672K, 99% used [0x00000000eba00000,0x00000000f52d6768,0x00000000f5300000)
  to   space 174592K, 0% used [0x00000000f5580000,0x00000000f5580000,0x0000000100000000)
 ParOldGen       total 296448K, used 213171K [0x00000000a0000000, 0x00000000b2180000, 0x00000000e0000000)
  object space 296448K, 71% used [0x00000000a0000000,0x00000000ad02cc90,0x00000000b2180000)
 Metaspace       used 92427K, capacity 97596K, committed 97752K, reserved 1134592K
  class space    used 11300K, capacity 12428K, committed 12544K, reserved 1048576K
Event: 1186.310 GC heap after
Heap after GC invocations=25 (full 3):
 PSYoungGen      total 349696K, used 167228K [0x00000000e0000000, 0x0000000100000000, 0x0000000100000000)
  eden space 175104K, 0% used [0x00000000e0000000,0x00000000e0000000,0x00000000eab00000)
  from space 174592K, 95% used [0x00000000f5580000,0x00000000ff8cf0b8,0x0000000100000000)
  to   space 174592K, 0% used [0x00000000eab00000,0x00000000eab00000,0x00000000f5580000)
 ParOldGen       total 296448K, used 258093K [0x00000000a0000000, 0x00000000b2180000, 0x00000000e0000000)
  object space 296448K, 87% used [0x00000000a0000000,0x00000000afc0b5f0,0x00000000b2180000)
 Metaspace       used 92427K, capacity 97596K, committed 97752K, reserved 1134592K
  class space    used 11300K, capacity 12428K, committed 12544K, reserved 1048576K
}
Event: 1186.310 GC heap before
{Heap before GC invocations=26 (full 4):
 PSYoungGen      total 349696K, used 167228K [0x00000000e0000000, 0x0000000100000000, 0x0000000100000000)
  eden space 175104K, 0% used [0x00000000e0000000,0x00000000e0000000,0x00000000eab00000)
  from space 174592K, 95% used [0x00000000f5580000,0x00000000ff8cf0b8,0x0000000100000000)
  to   space 174592K, 0% used [0x00000000eab00000,0x00000000eab00000,0x00000000f5580000)
 ParOldGen       total 296448K, used 258093K [0x00000000a0000000, 0x00000000b2180000, 0x00000000e0000000)
  object space 296448K, 87% used [0x00000000a0000000,0x00000000afc0b5f0,0x00000000b2180000)
 Metaspace       used 92427K, capacity 97596K, committed 97752K, reserved 1134592K
  class space    used 11300K, capacity 12428K, committed 12544K, reserved 1048576K
Event: 1187.277 GC heap after
Heap after GC invocations=26 (full 4):
 PSYoungGen      total 349696K, used 0K [0x00000000e0000000, 0x0000000100000000, 0x0000000100000000)
  eden space 175104K, 0% used [0x00000000e0000000,0x00000000e0000000,0x00000000eab00000)
  from space 174592K, 0% used [0x00000000f5580000,0x00000000f5580000,0x0000000100000000)
  to   space 174592K, 0% used [0x00000000eab00000,0x00000000eab00000,0x00000000f5580000)
 ParOldGen       total 523776K, used 163532K [0x00000000a0000000, 0x00000000bff80000, 0x00000000e0000000)
  object space 523776K, 31% used [0x00000000a0000000,0x00000000a9fb3188,0x00000000bff80000)
 Metaspace       used 88201K, capacity 93078K, committed 97752K, reserved 1134592K
  class space    used 11015K, capacity 12089K, committed 12544K, reserved 1048576K
}
Event: 1442.439 GC heap before
{Heap before GC invocations=27 (full 4):
 PSYoungGen      total 349696K, used 175104K [0x00000000e0000000, 0x0000000100000000, 0x0000000100000000)
  eden space 175104K, 100% used [0x00000000e0000000,0x00000000eab00000,0x00000000eab00000)
  from space 174592K, 0% used [0x00000000f5580000,0x00000000f5580000,0x0000000100000000)
  to   space 174592K, 0% used [0x00000000eab00000,0x00000000eab00000,0x00000000f5580000)
 ParOldGen       total 523776K, used 163532K [0x00000000a0000000, 0x00000000bff80000, 0x00000000e0000000)
  object space 523776K, 31% used [0x00000000a0000000,0x00000000a9fb3188,0x00000000bff80000)
 Metaspace       used 88508K, capacity 93450K, committed 98008K, reserved 1134592K
  class space    used 11033K, capacity 12119K, committed 12544K, reserved 1048576K
Event: 1442.462 GC heap after
Heap after GC invocations=27 (full 4):
 PSYoungGen      total 349696K, used 9128K [0x00000000e0000000, 0x0000000100000000, 0x0000000100000000)
  eden space 175104K, 0% used [0x00000000e0000000,0x00000000e0000000,0x00000000eab00000)
  from space 174592K, 5% used [0x00000000eab00000,0x00000000eb3ea340,0x00000000f5580000)
  to   space 174592K, 0% used [0x00000000f5580000,0x00000000f5580000,0x0000000100000000)
 ParOldGen       total 523776K, used 163540K [0x00000000a0000000, 0x00000000bff80000, 0x00000000e0000000)
  object space 523776K, 31% used [0x00000000a0000000,0x00000000a9fb5188,0x00000000bff80000)
 Metaspace       used 88508K, capacity 93450K, committed 98008K, reserved 1134592K
  class space    used 11033K, capacity 12119K, committed 12544K, reserved 1048576K
}
Event: 2845.091 GC heap before
{Heap before GC invocations=28 (full 4):
 PSYoungGen      total 349696K, used 184232K [0x00000000e0000000, 0x0000000100000000, 0x0000000100000000)
  eden space 175104K, 100% used [0x00000000e0000000,0x00000000eab00000,0x00000000eab00000)
  from space 174592K, 5% used [0x00000000eab00000,0x00000000eb3ea340,0x00000000f5580000)
  to   space 174592K, 0% used [0x00000000f5580000,0x00000000f5580000,0x0000000100000000)
 ParOldGen       total 523776K, used 163540K [0x00000000a0000000, 0x00000000bff80000, 0x00000000e0000000)
  object space 523776K, 31% used [0x00000000a0000000,0x00000000a9fb5188,0x00000000bff80000)
 Metaspace       used 88984K, capacity 93950K, committed 98008K, reserved 1134592K
  class space    used 11080K, capacity 12199K, committed 12544K, reserved 1048576K
Event: 2845.134 GC heap after
Heap after GC invocations=28 (full 4):
 PSYoungGen      total 349696K, used 28643K [0x00000000e0000000, 0x0000000100000000, 0x0000000100000000)
  eden space 175104K, 0% used [0x00000000e0000000,0x00000000e0000000,0x00000000eab00000)
  from space 174592K, 16% used [0x00000000f5580000,0x00000000f7178c08,0x0000000100000000)
  to   space 174592K, 0% used [0x00000000eab00000,0x00000000eab00000,0x00000000f5580000)
 ParOldGen       total 523776K, used 163548K [0x00000000a0000000, 0x00000000bff80000, 0x00000000e0000000)
  object space 523776K, 31% used [0x00000000a0000000,0x00000000a9fb7188,0x00000000bff80000)
 Metaspace       used 88984K, capacity 93950K, committed 98008K, reserved 1134592K
  class space    used 11080K, capacity 12199K, committed 12544K, reserved 1048576K
}
Event: 2848.265 GC heap before
{Heap before GC invocations=29 (full 4):
 PSYoungGen      total 349696K, used 203747K [0x00000000e0000000, 0x0000000100000000, 0x0000000100000000)
  eden space 175104K, 100% used [0x00000000e0000000,0x00000000eab00000,0x00000000eab00000)
  from space 174592K, 16% used [0x00000000f5580000,0x00000000f7178c08,0x0000000100000000)
  to   space 174592K, 0% used [0x00000000eab00000,0x00000000eab00000,0x00000000f5580000)
 ParOldGen       total 523776K, used 163548K [0x00000000a0000000, 0x00000000bff80000, 0x00000000e0000000)
  object space 523776K, 31% used [0x00000000a0000000,0x00000000a9fb7188,0x00000000bff80000)
 Metaspace       used 90221K, capacity 95294K, committed 98008K, reserved 1134592K
  class space    used 11135K, capacity 12263K, committed 12544K, reserved 1048576K
Event: 2848.391 GC heap after
Heap after GC invocations=29 (full 4):
 PSYoungGen      total 349696K, used 77664K [0x00000000e0000000, 0x0000000100000000, 0x0000000100000000)
  eden space 175104K, 0% used [0x00000000e0000000,0x00000000e0000000,0x00000000eab00000)
  from space 174592K, 44% used [0x00000000eab00000,0x00000000ef6d81f8,0x00000000f5580000)
  to   space 174592K, 0% used [0x00000000f5580000,0x00000000f5580000,0x0000000100000000)
 ParOldGen       total 523776K, used 171047K [0x00000000a0000000, 0x00000000bff80000, 0x00000000e0000000)
  object space 523776K, 32% used [0x00000000a0000000,0x00000000aa709e58,0x00000000bff80000)
 Metaspace       used 90221K, capacity 95294K, committed 98008K, reserved 1134592K
  class space    used 11135K, capacity 12263K, committed 12544K, reserved 1048576K
}

